<?xml version="1.0" encoding="UTF-8"?>
<testsuites>
  <testsuite name="fastlane.lanes">
    
    
    
      
      <testcase classname="fastlane.lanes" name="0: default_platform" time="0.000266">
        
      </testcase>
    
      
      <testcase classname="fastlane.lanes" name="1: test" time="14.211862">
        
          <failure message="/Library/Ruby/Gems/2.6.0/gems/fastlane-2.176.0/fastlane/lib/fastlane/actions/actions_helper.rb:67:in `execute_action'&#10;/Library/Ruby/Gems/2.6.0/gems/fastlane-2.176.0/fastlane/lib/fastlane/runner.rb:255:in `block in execute_action'&#10;/Library/Ruby/Gems/2.6.0/gems/fastlane-2.176.0/fastlane/lib/fastlane/runner.rb:229:in `chdir'&#10;/Library/Ruby/Gems/2.6.0/gems/fastlane-2.176.0/fastlane/lib/fastlane/runner.rb:229:in `execute_action'&#10;/Library/Ruby/Gems/2.6.0/gems/fastlane-2.176.0/fastlane/lib/fastlane/runner.rb:157:in `trigger_action_by_name'&#10;/Library/Ruby/Gems/2.6.0/gems/fastlane-2.176.0/fastlane/lib/fastlane/fast_file.rb:159:in `method_missing'&#10;Fastfile:21:in `block (2 levels) in parsing_binding'&#10;/Library/Ruby/Gems/2.6.0/gems/fastlane-2.176.0/fastlane/lib/fastlane/lane.rb:33:in `call'&#10;/Library/Ruby/Gems/2.6.0/gems/fastlane-2.176.0/fastlane/lib/fastlane/runner.rb:49:in `block in execute'&#10;/Library/Ruby/Gems/2.6.0/gems/fastlane-2.176.0/fastlane/lib/fastlane/runner.rb:45:in `chdir'&#10;/Library/Ruby/Gems/2.6.0/gems/fastlane-2.176.0/fastlane/lib/fastlane/runner.rb:45:in `execute'&#10;/Library/Ruby/Gems/2.6.0/gems/fastlane-2.176.0/fastlane/lib/fastlane/lane_manager.rb:47:in `cruise_lane'&#10;/Library/Ruby/Gems/2.6.0/gems/fastlane-2.176.0/fastlane/lib/fastlane/command_line_handler.rb:36:in `handle'&#10;/Library/Ruby/Gems/2.6.0/gems/fastlane-2.176.0/fastlane/lib/fastlane/commands_generator.rb:108:in `block (2 levels) in run'&#10;/Library/Ruby/Gems/2.6.0/gems/commander-fastlane-4.4.6/lib/commander/command.rb:178:in `call'&#10;/Library/Ruby/Gems/2.6.0/gems/commander-fastlane-4.4.6/lib/commander/command.rb:153:in `run'&#10;/Library/Ruby/Gems/2.6.0/gems/commander-fastlane-4.4.6/lib/commander/runner.rb:476:in `run_active_command'&#10;/Library/Ruby/Gems/2.6.0/gems/fastlane-2.176.0/fastlane_core/lib/fastlane_core/ui/fastlane_runner.rb:76:in `run!'&#10;/Library/Ruby/Gems/2.6.0/gems/commander-fastlane-4.4.6/lib/commander/delegates.rb:15:in `run!'&#10;/Library/Ruby/Gems/2.6.0/gems/fastlane-2.176.0/fastlane/lib/fastlane/commands_generator.rb:352:in `run'&#10;/Library/Ruby/Gems/2.6.0/gems/fastlane-2.176.0/fastlane/lib/fastlane/commands_generator.rb:41:in `start'&#10;/Library/Ruby/Gems/2.6.0/gems/fastlane-2.176.0/fastlane/lib/fastlane/cli_tools_distributor.rb:122:in `take_off'&#10;/Library/Ruby/Gems/2.6.0/gems/fastlane-2.176.0/bin/fastlane:23:in `&lt;top (required)&gt;'&#10;/usr/local/bin/fastlane:23:in `load'&#10;/usr/local/bin/fastlane:23:in `&lt;main&gt;'&#10;&#10;Exit status of command '/Users/romualdbarbe/Documents/bluevsred/android/gradlew test -p .' was 1 instead of 0.&#10;&#10;&gt; Configure project :app&#10;WARNING: Configuration 'compile' is obsolete and has been replaced with 'implementation' and 'api'.&#10;It will be removed soon. For more information see: http://d.android.com/r/tools/update-dependency-configurations.html&#10;&#10;&gt; Task :app:compileFlutterBuildDebug&#10;&gt; Task :app:packLibsflutterBuildDebug&#10;&gt; Task :app:preBuild UP-TO-DATE&#10;&gt; Task :app:preDebugBuild UP-TO-DATE&#10;&gt; Task :url_launcher:preBuild UP-TO-DATE&#10;&gt; Task :url_launcher:preDebugBuild UP-TO-DATE&#10;&gt; Task :url_launcher:compileDebugAidl NO-SOURCE&#10;&gt; Task :app:compileDebugAidl NO-SOURCE&#10;&gt; Task :url_launcher:packageDebugRenderscript NO-SOURCE&#10;&gt; Task :app:checkDebugManifest UP-TO-DATE&#10;&gt; Task :app:compileDebugRenderscript NO-SOURCE&#10;&gt; Task :app:generateDebugBuildConfig UP-TO-DATE&#10;&gt; Task :app:cleanMergeDebugAssets&#10;&gt; Task :app:mergeDebugShaders UP-TO-DATE&#10;&gt; Task :app:compileDebugShaders UP-TO-DATE&#10;&gt; Task :app:generateDebugAssets UP-TO-DATE&#10;&gt; Task :url_launcher:mergeDebugShaders UP-TO-DATE&#10;&gt; Task :url_launcher:compileDebugShaders UP-TO-DATE&#10;&gt; Task :url_launcher:generateDebugAssets UP-TO-DATE&#10;&gt; Task :url_launcher:packageDebugAssets UP-TO-DATE&#10;&gt; Task :app:mergeDebugAssets&#10;&gt; Task :app:copyFlutterAssetsDebug&#10;&gt; Task :app:mainApkListPersistenceDebug UP-TO-DATE&#10;&gt; Task :app:generateDebugResValues UP-TO-DATE&#10;&gt; Task :app:generateDebugResources UP-TO-DATE&#10;&gt; Task :app:processDebugGoogleServices UP-TO-DATE&#10;&gt; Task :url_launcher:generateDebugResValues UP-TO-DATE&#10;&gt; Task :url_launcher:compileDebugRenderscript NO-SOURCE&#10;&gt; Task :url_launcher:generateDebugResources UP-TO-DATE&#10;&gt; Task :url_launcher:packageDebugResources UP-TO-DATE&#10;&gt; Task :app:mergeDebugResources UP-TO-DATE&#10;&gt; Task :app:createDebugCompatibleScreenManifests UP-TO-DATE&#10;&gt; Task :url_launcher:checkDebugManifest UP-TO-DATE&#10;&gt; Task :url_launcher:processDebugManifest UP-TO-DATE&#10;&gt; Task :app:processDebugManifest UP-TO-DATE&#10;&gt; Task :url_launcher:parseDebugLibraryResources UP-TO-DATE&#10;&gt; Task :url_launcher:generateDebugRFile UP-TO-DATE&#10;&gt; Task :app:processDebugResources UP-TO-DATE&#10;&gt; Task :url_launcher:generateDebugBuildConfig UP-TO-DATE&#10;&gt; Task :app:preDebugUnitTestBuild UP-TO-DATE&#10;&gt; Task :url_launcher:javaPreCompileDebug UP-TO-DATE&#10;&gt; Task :url_launcher:compileDebugJavaWithJavac UP-TO-DATE&#10;&gt; Task :url_launcher:bundleLibCompileDebug UP-TO-DATE&#10;&gt; Task :app:compileDebugKotlin FAILED&#10;&#10;FAILURE: Build failed with an exception.&#10;&#10;* What went wrong:&#10;Execution failed for task ':app:compileDebugKotlin'.&#10;&gt; Kotlin could not find the required JDK tools in the Java installation '/Library/Internet Plug-Ins/JavaAppletPlugin.plugin/Contents/Home' used by Gradle. Make sure Gradle is running on a JDK, not JRE.&#10;&#10;* Try:&#10;Run with --stacktrace option to get the stack trace. Run with --info or --debug option to get more log output. Run with --scan to get full insights.&#10;&#10;* Get more help at https://help.gradle.org&#10;&#10;BUILD FAILED in 13s&#10;30 actionable tasks: 6 executed, 24 up-to-date&#10;" />
        
      </testcase>
    
  </testsuite>
</testsuites>
